{"C:\\Projects\\temp\\dh-dev-application\\server\\app.js": {"path":"C:\\Projects\\temp\\dh-dev-application\\server\\app.js","statementMap":{"0":{"start":{"line":1,"column":16},"end":{"line":1,"column":34}},"1":{"start":{"line":2,"column":20},"end":{"line":2,"column":46}},"2":{"start":{"line":4,"column":19},"end":{"line":4,"column":42}},"3":{"start":{"line":6,"column":12},"end":{"line":6,"column":21}},"4":{"start":{"line":7,"column":0},"end":{"line":13,"column":2}},"5":{"start":{"line":16,"column":0},"end":{"line":16,"column":25}}},"fnMap":{},"branchMap":{},"s":{"0":1,"1":1,"2":1,"3":1,"4":1,"5":1},"f":{},"b":{},"_coverageSchema":"332fd63041d2c1bcb487cc26dd0d5f7d97098a6c","hash":"2dccdfdabb41d117ab64cc6aa08bb8e9c2e1422a"}
,"C:\\Projects\\temp\\dh-dev-application\\server\\src\\schema.js": {"path":"C:\\Projects\\temp\\dh-dev-application\\server\\src\\schema.js","statementMap":{"0":{"start":{"line":1,"column":45},"end":{"line":1,"column":63}},"1":{"start":{"line":3,"column":26},"end":{"line":3,"column":60}},"2":{"start":{"line":5,"column":15},"end":{"line":12,"column":2}},"3":{"start":{"line":8,"column":19},"end":{"line":10,"column":5}},"4":{"start":{"line":14,"column":0},"end":{"line":14,"column":28}}},"fnMap":{"0":{"name":"(anonymous_0)","decl":{"start":{"line":8,"column":12},"end":{"line":8,"column":13}},"loc":{"start":{"line":8,"column":19},"end":{"line":10,"column":5}},"line":8}},"branchMap":{},"s":{"0":1,"1":1,"2":1,"3":1,"4":1},"f":{"0":1},"b":{},"_coverageSchema":"332fd63041d2c1bcb487cc26dd0d5f7d97098a6c","hash":"e4d8bba83fd29d94b6ffeaedec73652473db54ad"}
,"C:\\Projects\\temp\\dh-dev-application\\server\\src\\db\\databaseAbstraction.js": {"path":"C:\\Projects\\temp\\dh-dev-application\\server\\src\\db\\databaseAbstraction.js","statementMap":{"0":{"start":{"line":2,"column":12},"end":{"line":2,"column":33}},"1":{"start":{"line":3,"column":18},"end":{"line":3,"column":45}},"2":{"start":{"line":4,"column":17},"end":{"line":4,"column":43}},"3":{"start":{"line":5,"column":13},"end":{"line":5,"column":28}},"4":{"start":{"line":6,"column":11},"end":{"line":6,"column":24}},"5":{"start":{"line":10,"column":15},"end":{"line":12,"column":3}},"6":{"start":{"line":18,"column":2},"end":{"line":24,"column":6}},"7":{"start":{"line":18,"column":30},"end":{"line":24,"column":3}},"8":{"start":{"line":27,"column":17},"end":{"line":27,"column":27}},"9":{"start":{"line":32,"column":34},"end":{"line":32,"column":57}},"10":{"start":{"line":34,"column":2},"end":{"line":36,"column":4}},"11":{"start":{"line":35,"column":4},"end":{"line":35,"column":51}},"12":{"start":{"line":39,"column":0},"end":{"line":41,"column":2}}},"fnMap":{"0":{"name":"readData","decl":{"start":{"line":9,"column":9},"end":{"line":9,"column":17}},"loc":{"start":{"line":9,"column":20},"end":{"line":25,"column":1}},"line":9},"1":{"name":"(anonymous_1)","decl":{"start":{"line":18,"column":19},"end":{"line":18,"column":20}},"loc":{"start":{"line":18,"column":30},"end":{"line":24,"column":3}},"line":18},"2":{"name":"findClientsWithSubString","decl":{"start":{"line":30,"column":9},"end":{"line":30,"column":33}},"loc":{"start":{"line":30,"column":48},"end":{"line":37,"column":1}},"line":30},"3":{"name":"(anonymous_3)","decl":{"start":{"line":34,"column":25},"end":{"line":34,"column":26}},"loc":{"start":{"line":35,"column":4},"end":{"line":35,"column":51}},"line":35}},"branchMap":{},"s":{"0":1,"1":1,"2":1,"3":1,"4":1,"5":1,"6":1,"7":1000,"8":1,"9":7,"10":7,"11":7000,"12":1},"f":{"0":1,"1":1000,"2":7,"3":7000},"b":{},"_coverageSchema":"332fd63041d2c1bcb487cc26dd0d5f7d97098a6c","hash":"f867581d46dd3ffe8387c7308b243a9dc1b74ab9"}
,"C:\\Projects\\temp\\dh-dev-application\\server\\src\\queries\\clientQueries.js": {"path":"C:\\Projects\\temp\\dh-dev-application\\server\\src\\queries\\clientQueries.js","statementMap":{"0":{"start":{"line":1,"column":55},"end":{"line":1,"column":73}},"1":{"start":{"line":3,"column":37},"end":{"line":3,"column":73}},"2":{"start":{"line":4,"column":23},"end":{"line":4,"column":53}},"3":{"start":{"line":6,"column":22},"end":{"line":23,"column":1}},"4":{"start":{"line":17,"column":31},"end":{"line":17,"column":35}},"5":{"start":{"line":18,"column":6},"end":{"line":20,"column":8}},"6":{"start":{"line":19,"column":8},"end":{"line":19,"column":55}},"7":{"start":{"line":25,"column":0},"end":{"line":25,"column":35}}},"fnMap":{"0":{"name":"(anonymous_0)","decl":{"start":{"line":16,"column":13},"end":{"line":16,"column":14}},"loc":{"start":{"line":16,"column":29},"end":{"line":21,"column":5}},"line":16},"1":{"name":"(anonymous_1)","decl":{"start":{"line":18,"column":25},"end":{"line":18,"column":26}},"loc":{"start":{"line":19,"column":8},"end":{"line":19,"column":55}},"line":19}},"branchMap":{},"s":{"0":1,"1":1,"2":1,"3":1,"4":7,"5":7,"6":7,"7":1},"f":{"0":7,"1":7},"b":{},"_coverageSchema":"332fd63041d2c1bcb487cc26dd0d5f7d97098a6c","hash":"10b037721e305648178c0d788e604908b76dc6e8"}
,"C:\\Projects\\temp\\dh-dev-application\\server\\src\\types\\clientType.js": {"path":"C:\\Projects\\temp\\dh-dev-application\\server\\src\\types\\clientType.js","statementMap":{"0":{"start":{"line":1,"column":45},"end":{"line":1,"column":63}},"1":{"start":{"line":2,"column":23},"end":{"line":2,"column":46}},"2":{"start":{"line":4,"column":19},"end":{"line":25,"column":2}},"3":{"start":{"line":27,"column":0},"end":{"line":27,"column":32}}},"fnMap":{},"branchMap":{},"s":{"0":1,"1":1,"2":1,"3":1},"f":{},"b":{},"_coverageSchema":"332fd63041d2c1bcb487cc26dd0d5f7d97098a6c","hash":"0850036af5076e5ea6b66703495e1036c9e27939"}
,"C:\\Projects\\temp\\dh-dev-application\\server\\src\\types\\genderType.js": {"path":"C:\\Projects\\temp\\dh-dev-application\\server\\src\\types\\genderType.js","statementMap":{"0":{"start":{"line":5,"column":28},"end":{"line":5,"column":46}},"1":{"start":{"line":7,"column":19},"end":{"line":17,"column":2}},"2":{"start":{"line":19,"column":0},"end":{"line":21,"column":2}}},"fnMap":{},"branchMap":{},"s":{"0":1,"1":1,"2":1},"f":{},"b":{},"_coverageSchema":"332fd63041d2c1bcb487cc26dd0d5f7d97098a6c","hash":"bb2020332aed42ecec73d83d062d973112b08d6f"}
}
