{"C:\\Projects\\temp\\dh-dev-application\\server\\app.js": {"path":"C:\\Projects\\temp\\dh-dev-application\\server\\app.js","statementMap":{"0":{"start":{"line":1,"column":16},"end":{"line":1,"column":34}},"1":{"start":{"line":2,"column":20},"end":{"line":2,"column":46}},"2":{"start":{"line":4,"column":19},"end":{"line":4,"column":42}},"3":{"start":{"line":6,"column":12},"end":{"line":6,"column":21}},"4":{"start":{"line":7,"column":0},"end":{"line":13,"column":2}},"5":{"start":{"line":16,"column":0},"end":{"line":16,"column":25}}},"fnMap":{},"branchMap":{},"s":{"0":1,"1":1,"2":1,"3":1,"4":1,"5":1},"f":{},"b":{},"_coverageSchema":"332fd63041d2c1bcb487cc26dd0d5f7d97098a6c","hash":"2dccdfdabb41d117ab64cc6aa08bb8e9c2e1422a"}
,"C:\\Projects\\temp\\dh-dev-application\\server\\src\\schema.js": {"path":"C:\\Projects\\temp\\dh-dev-application\\server\\src\\schema.js","statementMap":{"0":{"start":{"line":1,"column":45},"end":{"line":1,"column":63}},"1":{"start":{"line":3,"column":26},"end":{"line":3,"column":60}},"2":{"start":{"line":5,"column":15},"end":{"line":12,"column":2}},"3":{"start":{"line":8,"column":19},"end":{"line":10,"column":5}},"4":{"start":{"line":14,"column":0},"end":{"line":14,"column":28}}},"fnMap":{"0":{"name":"(anonymous_0)","decl":{"start":{"line":8,"column":12},"end":{"line":8,"column":13}},"loc":{"start":{"line":8,"column":19},"end":{"line":10,"column":5}},"line":8}},"branchMap":{},"s":{"0":1,"1":1,"2":1,"3":1,"4":1},"f":{"0":1},"b":{},"_coverageSchema":"332fd63041d2c1bcb487cc26dd0d5f7d97098a6c","hash":"e4d8bba83fd29d94b6ffeaedec73652473db54ad"}
,"C:\\Projects\\temp\\dh-dev-application\\server\\src\\db\\databaseAbstraction.js": {"path":"C:\\Projects\\temp\\dh-dev-application\\server\\src\\db\\databaseAbstraction.js","statementMap":{"0":{"start":{"line":2,"column":10},"end":{"line":2,"column":27}},"1":{"start":{"line":3,"column":13},"end":{"line":3,"column":28}},"2":{"start":{"line":4,"column":11},"end":{"line":4,"column":24}},"3":{"start":{"line":8,"column":15},"end":{"line":8,"column":85}},"4":{"start":{"line":15,"column":2},"end":{"line":21,"column":6}},"5":{"start":{"line":15,"column":32},"end":{"line":21,"column":3}},"6":{"start":{"line":24,"column":17},"end":{"line":24,"column":27}},"7":{"start":{"line":29,"column":34},"end":{"line":29,"column":59}},"8":{"start":{"line":31,"column":2},"end":{"line":33,"column":4}},"9":{"start":{"line":32,"column":4},"end":{"line":32,"column":53}},"10":{"start":{"line":36,"column":0},"end":{"line":38,"column":2}}},"fnMap":{"0":{"name":"readData","decl":{"start":{"line":7,"column":9},"end":{"line":7,"column":17}},"loc":{"start":{"line":7,"column":20},"end":{"line":22,"column":1}},"line":7},"1":{"name":"(anonymous_1)","decl":{"start":{"line":15,"column":21},"end":{"line":15,"column":22}},"loc":{"start":{"line":15,"column":32},"end":{"line":21,"column":3}},"line":15},"2":{"name":"findClientsWithSubString","decl":{"start":{"line":27,"column":9},"end":{"line":27,"column":33}},"loc":{"start":{"line":27,"column":48},"end":{"line":34,"column":1}},"line":27},"3":{"name":"(anonymous_3)","decl":{"start":{"line":31,"column":25},"end":{"line":31,"column":26}},"loc":{"start":{"line":32,"column":4},"end":{"line":32,"column":53}},"line":32}},"branchMap":{},"s":{"0":1,"1":1,"2":1,"3":1,"4":1,"5":1000,"6":1,"7":7,"8":7,"9":7000,"10":1},"f":{"0":1,"1":1000,"2":7,"3":7000},"b":{},"_coverageSchema":"332fd63041d2c1bcb487cc26dd0d5f7d97098a6c","hash":"99abdff932b59cfa9fefb769f71a16de05ce76c7"}
,"C:\\Projects\\temp\\dh-dev-application\\server\\src\\queries\\clientQueries.js": {"path":"C:\\Projects\\temp\\dh-dev-application\\server\\src\\queries\\clientQueries.js","statementMap":{"0":{"start":{"line":1,"column":55},"end":{"line":1,"column":73}},"1":{"start":{"line":3,"column":37},"end":{"line":3,"column":73}},"2":{"start":{"line":4,"column":23},"end":{"line":4,"column":53}},"3":{"start":{"line":6,"column":22},"end":{"line":23,"column":1}},"4":{"start":{"line":17,"column":31},"end":{"line":17,"column":35}},"5":{"start":{"line":18,"column":6},"end":{"line":20,"column":8}},"6":{"start":{"line":19,"column":8},"end":{"line":19,"column":55}},"7":{"start":{"line":25,"column":0},"end":{"line":25,"column":35}}},"fnMap":{"0":{"name":"(anonymous_0)","decl":{"start":{"line":16,"column":13},"end":{"line":16,"column":14}},"loc":{"start":{"line":16,"column":29},"end":{"line":21,"column":5}},"line":16},"1":{"name":"(anonymous_1)","decl":{"start":{"line":18,"column":25},"end":{"line":18,"column":26}},"loc":{"start":{"line":19,"column":8},"end":{"line":19,"column":55}},"line":19}},"branchMap":{},"s":{"0":1,"1":1,"2":1,"3":1,"4":7,"5":7,"6":7,"7":1},"f":{"0":7,"1":7},"b":{},"_coverageSchema":"332fd63041d2c1bcb487cc26dd0d5f7d97098a6c","hash":"10b037721e305648178c0d788e604908b76dc6e8"}
,"C:\\Projects\\temp\\dh-dev-application\\server\\src\\types\\ClientType.js": {"path":"C:\\Projects\\temp\\dh-dev-application\\server\\src\\types\\ClientType.js","statementMap":{"0":{"start":{"line":1,"column":45},"end":{"line":1,"column":63}},"1":{"start":{"line":2,"column":23},"end":{"line":2,"column":46}},"2":{"start":{"line":4,"column":19},"end":{"line":25,"column":2}},"3":{"start":{"line":27,"column":0},"end":{"line":27,"column":32}}},"fnMap":{},"branchMap":{},"s":{"0":1,"1":1,"2":1,"3":1},"f":{},"b":{},"_coverageSchema":"332fd63041d2c1bcb487cc26dd0d5f7d97098a6c","hash":"f2a0e7fbda0213984d79e486c5941ca36ab891e4"}
,"C:\\Projects\\temp\\dh-dev-application\\server\\src\\types\\GenderType.js": {"path":"C:\\Projects\\temp\\dh-dev-application\\server\\src\\types\\GenderType.js","statementMap":{"0":{"start":{"line":5,"column":28},"end":{"line":5,"column":46}},"1":{"start":{"line":7,"column":19},"end":{"line":17,"column":2}},"2":{"start":{"line":19,"column":0},"end":{"line":21,"column":2}}},"fnMap":{},"branchMap":{},"s":{"0":1,"1":1,"2":1},"f":{},"b":{},"_coverageSchema":"332fd63041d2c1bcb487cc26dd0d5f7d97098a6c","hash":"55b12dcc6d3038fa2ace231f1c627f54831349c7"}
}
