TN:
SF:C:\Projects\temp\dh-dev-application\server\app.js
FNF:0
FNH:0
DA:1,1
DA:2,1
DA:4,1
DA:6,1
DA:7,1
DA:16,1
LF:6
LH:6
BRF:0
BRH:0
end_of_record
TN:
SF:C:\Projects\temp\dh-dev-application\server\src\schema.js
FN:8,(anonymous_0)
FNF:1
FNH:1
FNDA:1,(anonymous_0)
DA:1,1
DA:3,1
DA:5,1
DA:8,1
DA:14,1
LF:5
LH:5
BRF:0
BRH:0
end_of_record
TN:
SF:C:\Projects\temp\dh-dev-application\server\src\db\databaseAbstraction.js
FN:7,readData
FN:15,(anonymous_1)
FN:27,findClientsWithSubString
FN:31,(anonymous_3)
FNF:4
FNH:4
FNDA:1,readData
FNDA:1000,(anonymous_1)
FNDA:7,findClientsWithSubString
FNDA:7000,(anonymous_3)
DA:2,1
DA:3,1
DA:4,1
DA:8,1
DA:15,1000
DA:24,1
DA:29,7
DA:31,7
DA:32,7000
DA:36,1
LF:10
LH:10
BRF:0
BRH:0
end_of_record
TN:
SF:C:\Projects\temp\dh-dev-application\server\src\queries\clientQueries.js
FN:16,(anonymous_0)
FN:18,(anonymous_1)
FNF:2
FNH:2
FNDA:7,(anonymous_0)
FNDA:7,(anonymous_1)
DA:1,1
DA:3,1
DA:4,1
DA:6,1
DA:17,7
DA:18,7
DA:19,7
DA:25,1
LF:8
LH:8
BRF:0
BRH:0
end_of_record
TN:
SF:C:\Projects\temp\dh-dev-application\server\src\types\ClientType.js
FNF:0
FNH:0
DA:1,1
DA:2,1
DA:4,1
DA:27,1
LF:4
LH:4
BRF:0
BRH:0
end_of_record
TN:
SF:C:\Projects\temp\dh-dev-application\server\src\types\GenderType.js
FNF:0
FNH:0
DA:5,1
DA:7,1
DA:19,1
LF:3
LH:3
BRF:0
BRH:0
end_of_record
